
Gurobi 6.5.2 (mac64) logging started Sat Apr  8 17:19:08 2017


Gurobi 6.5.2 (mac64) logging started Sat Apr  8 17:20:46 2017


Gurobi 6.5.2 (mac64) logging started Sat Apr  8 17:23:27 2017


Gurobi 6.5.2 (mac64) logging started Sat Apr  8 17:35:46 2017


Gurobi 6.5.2 (mac64) logging started Sat Apr  8 17:49:36 2017


Gurobi 6.5.2 (mac64) logging started Sat Apr  8 18:49:06 2017


Gurobi 6.5.2 (mac64) logging started Sat Apr  8 19:28:52 2017


Gurobi 6.5.2 (mac64) logging started Sat Apr  8 19:31:12 2017


Gurobi 6.5.2 (mac64) logging started Sat Apr  8 19:35:47 2017


Gurobi 6.5.2 (mac64) logging started Sat Apr  8 19:38:31 2017


Gurobi 6.5.2 (mac64) logging started Sun Apr  9 12:39:31 2017


Gurobi 6.5.2 (mac64) logging started Sun Apr  9 14:08:33 2017


Gurobi 6.5.2 (mac64) logging started Sun Apr  9 14:21:54 2017


Gurobi 6.5.2 (mac64) logging started Sun Apr  9 16:36:08 2017


Gurobi 6.5.2 (mac64) logging started Sun Apr  9 16:38:26 2017


Gurobi 6.5.2 (mac64) logging started Sun Apr  9 17:29:05 2017


Gurobi 6.5.2 (mac64) logging started Sun Apr  9 17:29:36 2017


Gurobi 6.5.2 (mac64) logging started Sun Apr  9 17:53:05 2017


Gurobi 6.5.2 (mac64) logging started Sun Apr  9 17:55:58 2017


Gurobi 6.5.2 (mac64) logging started Sun Apr  9 18:00:29 2017


Gurobi 6.5.2 (mac64) logging started Sun Apr  9 18:01:15 2017


Gurobi 6.5.2 (mac64) logging started Sun Apr  9 18:02:10 2017


Gurobi 6.5.2 (mac64) logging started Sun Apr  9 18:05:07 2017


Gurobi 6.5.2 (mac64) logging started Sun Apr  9 18:07:49 2017


Gurobi 6.5.2 (mac64) logging started Sun Apr  9 18:22:01 2017


Gurobi 6.5.2 (mac64) logging started Sun Apr  9 18:24:04 2017


Gurobi 6.5.2 (mac64) logging started Sun Apr  9 22:31:03 2017


Gurobi 6.5.2 (mac64) logging started Sun Apr  9 22:34:31 2017


Gurobi 6.5.2 (mac64) logging started Sun Apr  9 22:34:52 2017


Gurobi 6.5.2 (mac64) logging started Sun Apr  9 22:35:23 2017


Gurobi 6.5.2 (mac64) logging started Sun Apr  9 22:36:36 2017


Gurobi 6.5.2 (mac64) logging started Sun Apr  9 22:42:40 2017


Gurobi 6.5.2 (mac64) logging started Sun Apr  9 22:45:00 2017


Gurobi 6.5.2 (mac64) logging started Sun Apr  9 22:47:51 2017


Gurobi 6.5.2 (mac64) logging started Sun Apr  9 22:48:11 2017


Gurobi 6.5.2 (mac64) logging started Sun Apr  9 22:49:52 2017


Gurobi 6.5.2 (mac64) logging started Sun Apr  9 22:50:45 2017


Gurobi 6.5.2 (mac64) logging started Sun Apr  9 22:51:37 2017


Gurobi 6.5.2 (mac64) logging started Sun Apr  9 22:53:14 2017


Gurobi 6.5.2 (mac64) logging started Sun Apr  9 22:55:01 2017


Gurobi 6.5.2 (mac64) logging started Sun Apr  9 22:56:26 2017


Gurobi 6.5.2 (mac64) logging started Sun Apr  9 22:58:56 2017


Gurobi 6.5.2 (mac64) logging started Sun Apr  9 23:00:22 2017


Gurobi 6.5.2 (mac64) logging started Sun Apr  9 23:01:26 2017


Gurobi 6.5.2 (mac64) logging started Sun Apr  9 23:02:03 2017


Gurobi 6.5.2 (mac64) logging started Sun Apr  9 23:03:07 2017


Gurobi 6.5.2 (mac64) logging started Sun Apr  9 23:12:19 2017


Gurobi 6.5.2 (mac64) logging started Sun Apr  9 23:41:08 2017


Gurobi 6.5.2 (mac64) logging started Sun Apr  9 23:42:02 2017


Gurobi 6.5.2 (mac64) logging started Mon Apr 10 00:14:03 2017


Gurobi 6.5.2 (mac64) logging started Mon Apr 10 00:16:49 2017


Gurobi 6.5.2 (mac64) logging started Mon Apr 10 00:20:01 2017


Gurobi 6.5.2 (mac64) logging started Mon Apr 10 00:21:50 2017


Gurobi 6.5.2 (mac64) logging started Mon Apr 10 00:23:30 2017


Gurobi 6.5.2 (mac64) logging started Mon Apr 10 00:26:41 2017


Gurobi 6.5.2 (mac64) logging started Mon Apr 10 00:30:47 2017


Gurobi 6.5.2 (mac64) logging started Mon Apr 10 00:39:22 2017


Gurobi 6.5.2 (mac64) logging started Mon Apr 10 17:20:33 2017


Gurobi 6.5.2 (mac64) logging started Mon Apr 10 17:21:19 2017


Gurobi 6.5.2 (mac64) logging started Mon Apr 10 19:14:16 2017


Gurobi 6.5.2 (mac64) logging started Mer 12 avr 00:09:43 2017


Gurobi 6.5.2 (mac64) logging started Mer 12 avr 00:10:11 2017


Gurobi 6.5.2 (mac64) logging started Mer 12 avr 00:10:58 2017


Gurobi 6.5.2 (mac64) logging started Mer 12 avr 00:11:22 2017


Gurobi 6.5.2 (mac64) logging started Mer 12 avr 00:12:00 2017


Gurobi 6.5.2 (mac64) logging started Mer 12 avr 00:13:34 2017


Gurobi 6.5.2 (mac64) logging started Mer 12 avr 00:14:24 2017


Gurobi 6.5.2 (mac64) logging started Mer 12 avr 00:16:20 2017


Gurobi 6.5.2 (mac64) logging started Mer 12 avr 00:16:49 2017


Gurobi 6.5.2 (mac64) logging started Mer 12 avr 00:23:17 2017


Gurobi 6.5.2 (mac64) logging started Mer 12 avr 00:27:29 2017


Gurobi 6.5.2 (mac64) logging started Mer 12 avr 00:38:18 2017


Gurobi 6.5.2 (mac64) logging started Mer 12 avr 00:51:28 2017


Gurobi 6.5.2 (mac64) logging started Mer 12 avr 00:52:08 2017


Gurobi 6.5.2 (mac64) logging started Mer 12 avr 00:52:45 2017


Gurobi 6.5.2 (mac64) logging started Jeu 13 avr 10:44:31 2017


Gurobi 6.5.2 (mac64) logging started Jeu 13 avr 14:22:18 2017


Gurobi 6.5.2 (mac64) logging started Jeu 13 avr 15:03:49 2017


Gurobi 6.5.2 (mac64) logging started Jeu 13 avr 15:04:27 2017


Gurobi 6.5.2 (mac64) logging started Jeu 13 avr 15:18:53 2017


Gurobi 6.5.2 (mac64) logging started Jeu 13 avr 23:51:20 2017


Gurobi 6.5.2 (mac64) logging started Jeu 13 avr 23:52:21 2017


Gurobi 6.5.2 (mac64) logging started Ven 14 avr 00:01:57 2017


Gurobi 6.5.2 (mac64) logging started Ven 14 avr 00:05:56 2017


Gurobi 6.5.2 (mac64) logging started Ven 14 avr 00:09:01 2017


Gurobi 6.5.2 (mac64) logging started Ven 14 avr 00:11:37 2017


Gurobi 6.5.2 (mac64) logging started Ven 14 avr 00:12:44 2017


Gurobi 6.5.2 (mac64) logging started Ven 14 avr 00:15:29 2017


Gurobi 6.5.2 (mac64) logging started Ven 14 avr 00:15:42 2017


Gurobi 6.5.2 (mac64) logging started Ven 14 avr 00:22:08 2017


Gurobi 6.5.2 (mac64) logging started Ven 14 avr 00:25:05 2017


Gurobi 6.5.2 (mac64) logging started Ven 14 avr 00:36:39 2017


Gurobi 6.5.2 (mac64) logging started Ven 14 avr 00:37:33 2017


Gurobi 6.5.2 (mac64) logging started Ven 14 avr 00:43:54 2017


Gurobi 6.5.2 (mac64) logging started Ven 14 avr 17:26:55 2017


Gurobi 6.5.2 (mac64) logging started Ven 14 avr 17:27:37 2017


Gurobi 6.5.2 (mac64) logging started Ven 14 avr 17:28:42 2017


Gurobi 6.5.2 (mac64) logging started Ven 14 avr 17:30:30 2017


Gurobi 6.5.2 (mac64) logging started Ven 14 avr 17:31:52 2017


Gurobi 6.5.2 (mac64) logging started Ven 14 avr 17:32:24 2017


Gurobi 6.5.2 (mac64) logging started Ven 14 avr 17:33:00 2017


Gurobi 6.5.2 (mac64) logging started Ven 14 avr 17:35:19 2017


Gurobi 6.5.2 (mac64) logging started Ven 14 avr 17:36:06 2017


Gurobi 6.5.2 (mac64) logging started Ven 14 avr 17:48:35 2017


Gurobi 6.5.2 (mac64) logging started Ven 14 avr 17:51:32 2017


Gurobi 6.5.2 (mac64) logging started Ven 14 avr 17:58:47 2017


Gurobi 6.5.2 (mac64) logging started Ven 14 avr 17:59:22 2017


Gurobi 6.5.2 (mac64) logging started Ven 14 avr 18:03:56 2017


Gurobi 6.5.2 (mac64) logging started Ven 14 avr 18:05:06 2017


Gurobi 6.5.2 (mac64) logging started Ven 14 avr 18:05:30 2017


Gurobi 6.5.2 (mac64) logging started Ven 14 avr 19:02:00 2017


Gurobi 6.5.2 (mac64) logging started Ven 14 avr 21:04:10 2017


Gurobi 6.5.2 (mac64) logging started Sam 15 avr 00:32:16 2017


Gurobi 6.5.2 (mac64) logging started Sam 15 avr 00:35:18 2017


Gurobi 6.5.2 (mac64) logging started Sam 15 avr 00:38:42 2017


Gurobi 6.5.2 (mac64) logging started Sam 15 avr 00:39:43 2017


Gurobi 6.5.2 (mac64) logging started Sam 15 avr 00:40:05 2017


Gurobi 6.5.2 (mac64) logging started Sam 15 avr 09:44:51 2017


Gurobi 6.5.2 (mac64) logging started Sam 15 avr 09:47:21 2017


Gurobi 6.5.2 (mac64) logging started Sam 15 avr 09:48:01 2017


Gurobi 6.5.2 (mac64) logging started Sam 15 avr 09:50:29 2017


Gurobi 6.5.2 (mac64) logging started Sam 15 avr 09:59:10 2017


Gurobi 6.5.2 (mac64) logging started Sam 15 avr 10:19:31 2017


Gurobi 6.5.2 (mac64) logging started Sam 15 avr 13:48:43 2017


Gurobi 6.5.2 (mac64) logging started Mar 18 avr 17:44:43 2017


Gurobi 6.5.2 (mac64) logging started Mar 18 avr 17:45:17 2017


Gurobi 6.5.2 (mac64) logging started Mar 18 avr 17:46:02 2017


Gurobi 6.5.2 (mac64) logging started Mar 18 avr 17:47:04 2017


Gurobi 6.5.2 (mac64) logging started Mar 18 avr 17:48:11 2017


Gurobi 6.5.2 (mac64) logging started Mar 18 avr 18:04:02 2017


Gurobi 6.5.2 (mac64) logging started Mar 18 avr 18:18:13 2017


Gurobi 6.5.2 (mac64) logging started Mar 18 avr 18:18:46 2017


Gurobi 6.5.2 (mac64) logging started Mar 18 avr 18:28:22 2017


Gurobi 6.5.2 (mac64) logging started Mar 18 avr 18:34:18 2017


Gurobi 6.5.2 (mac64) logging started Mar 18 avr 18:41:56 2017


Gurobi 6.5.2 (mac64) logging started Mar 18 avr 22:33:09 2017


Gurobi 6.5.2 (mac64) logging started Mar 18 avr 22:38:50 2017


Gurobi 6.5.2 (mac64) logging started Mar 18 avr 22:40:03 2017


Gurobi 6.5.2 (mac64) logging started Mer 19 avr 00:10:12 2017


Gurobi 6.5.2 (mac64) logging started Mer 19 avr 00:10:50 2017


Gurobi 6.5.2 (mac64) logging started Mer 19 avr 00:13:19 2017


Gurobi 6.5.2 (mac64) logging started Mer 19 avr 00:19:40 2017


Gurobi 6.5.2 (mac64) logging started Mer 19 avr 00:20:31 2017


Gurobi 6.5.2 (mac64) logging started Mer 19 avr 00:22:20 2017


Gurobi 6.5.2 (mac64) logging started Mer 19 avr 00:28:28 2017


Gurobi 6.5.2 (mac64) logging started Mer 19 avr 00:33:55 2017


Gurobi 6.5.2 (mac64) logging started Mer 19 avr 00:42:40 2017


Gurobi 6.5.2 (mac64) logging started Mer 19 avr 12:38:53 2017


Gurobi 6.5.2 (mac64) logging started Mer 19 avr 12:44:51 2017


Gurobi 6.5.2 (mac64) logging started Mer 19 avr 12:47:35 2017


Gurobi 6.5.2 (mac64) logging started Mer 19 avr 13:44:19 2017


Gurobi 6.5.2 (mac64) logging started Mer 19 avr 13:45:28 2017


Gurobi 6.5.2 (mac64) logging started Mer 19 avr 13:46:13 2017


Gurobi 6.5.2 (mac64) logging started Mer 19 avr 13:47:56 2017


Gurobi 6.5.2 (mac64) logging started Mer 19 avr 13:49:01 2017


Gurobi 6.5.2 (mac64) logging started Mer 19 avr 13:50:13 2017


Gurobi 6.5.2 (mac64) logging started Mer 19 avr 13:51:05 2017


Gurobi 6.5.2 (mac64) logging started Jeu 20 avr 23:31:05 2017


Gurobi 6.5.2 (mac64) logging started Jeu 20 avr 23:31:59 2017


Gurobi 6.5.2 (mac64) logging started Jeu 20 avr 23:36:19 2017


Gurobi 6.5.2 (mac64) logging started Jeu 20 avr 23:36:51 2017


Gurobi 6.5.2 (mac64) logging started Jeu 20 avr 23:37:16 2017


Gurobi 6.5.2 (mac64) logging started Jeu 20 avr 23:39:49 2017


Gurobi 6.5.2 (mac64) logging started Jeu 20 avr 23:40:32 2017


Gurobi 6.5.2 (mac64) logging started Jeu 20 avr 23:44:46 2017


Gurobi 6.5.2 (mac64) logging started Jeu 20 avr 23:45:34 2017


Gurobi 6.5.2 (mac64) logging started Jeu 20 avr 23:46:52 2017


Gurobi 6.5.2 (mac64) logging started Jeu 20 avr 23:48:53 2017


Gurobi 6.5.2 (mac64) logging started Jeu 20 avr 23:50:45 2017


Gurobi 6.5.2 (mac64) logging started Jeu 20 avr 23:52:26 2017


Gurobi 6.5.2 (mac64) logging started Jeu 20 avr 23:55:41 2017


Gurobi 6.5.2 (mac64) logging started Jeu 20 avr 23:58:13 2017


Gurobi 6.5.2 (mac64) logging started Ven 21 avr 00:00:06 2017


Gurobi 6.5.2 (mac64) logging started Ven 21 avr 00:06:32 2017


Gurobi 6.5.2 (mac64) logging started Ven 21 avr 00:11:00 2017


Gurobi 6.5.2 (mac64) logging started Ven 21 avr 00:16:11 2017


Gurobi 6.5.2 (mac64) logging started Ven 21 avr 00:21:22 2017


Gurobi 6.5.2 (mac64) logging started Ven 21 avr 00:23:01 2017


Gurobi 6.5.2 (mac64) logging started Ven 21 avr 00:33:17 2017


Gurobi 6.5.2 (mac64) logging started Ven 21 avr 00:35:05 2017


Gurobi 6.5.2 (mac64) logging started Ven 21 avr 00:37:19 2017


Gurobi 6.5.2 (mac64) logging started Ven 21 avr 00:39:23 2017


Gurobi 6.5.2 (mac64) logging started Ven 21 avr 11:18:53 2017


Gurobi 6.5.2 (mac64) logging started Ven 21 avr 11:20:30 2017


Gurobi 6.5.2 (mac64) logging started Ven 21 avr 11:21:15 2017


Gurobi 6.5.2 (mac64) logging started Ven 21 avr 11:22:25 2017


Gurobi 6.5.2 (mac64) logging started Ven 21 avr 11:25:42 2017


Gurobi 6.5.2 (mac64) logging started Ven 21 avr 11:27:03 2017


Gurobi 6.5.2 (mac64) logging started Ven 21 avr 11:31:35 2017


Gurobi 6.5.2 (mac64) logging started Ven 21 avr 12:06:39 2017


Gurobi 6.5.2 (mac64) logging started Ven 21 avr 13:21:05 2017


Gurobi 6.5.2 (mac64) logging started Lun 24 avr 10:35:55 2017


Gurobi 6.5.2 (mac64) logging started Lun 24 avr 10:37:47 2017


Gurobi 6.5.2 (mac64) logging started Lun 24 avr 10:38:57 2017


Gurobi 6.5.2 (mac64) logging started Lun 24 avr 10:43:30 2017


Gurobi 6.5.2 (mac64) logging started Lun 24 avr 10:45:36 2017


Gurobi 6.5.2 (mac64) logging started Lun 24 avr 12:57:54 2017


Gurobi 6.5.2 (mac64) logging started Lun 24 avr 13:13:37 2017


Gurobi 6.5.2 (mac64) logging started Lun 24 avr 15:12:31 2017


Gurobi 6.5.2 (mac64) logging started Lun 24 avr 15:25:47 2017


Gurobi 6.5.2 (mac64) logging started Lun 24 avr 15:42:35 2017


Gurobi 6.5.2 (mac64) logging started Jeu 27 avr 11:59:20 2017


Gurobi 6.5.2 (mac64) logging started Jeu 27 avr 12:00:05 2017


Gurobi 6.5.2 (mac64) logging started Jeu 27 avr 12:00:28 2017


Gurobi 6.5.2 (mac64) logging started Jeu 27 avr 12:00:49 2017


Gurobi 6.5.2 (mac64) logging started Jeu 27 avr 12:01:15 2017


Gurobi 6.5.2 (mac64) logging started Jeu 27 avr 12:10:28 2017


Gurobi 6.5.2 (mac64) logging started Jeu 27 avr 12:11:13 2017


Gurobi 6.5.2 (mac64) logging started Jeu 27 avr 12:16:49 2017


Gurobi 6.5.2 (mac64) logging started Jeu 27 avr 12:20:19 2017


Gurobi 6.5.2 (mac64) logging started Jeu 27 avr 12:22:10 2017


Gurobi 6.5.2 (mac64) logging started Jeu 27 avr 12:28:31 2017


Gurobi 6.5.2 (mac64) logging started Jeu 27 avr 12:31:56 2017


Gurobi 6.5.2 (mac64) logging started Jeu 27 avr 12:32:15 2017


Gurobi 6.5.2 (mac64) logging started Jeu 27 avr 12:34:51 2017


Gurobi 6.5.2 (mac64) logging started Jeu 27 avr 12:38:18 2017


Gurobi 6.5.2 (mac64) logging started Jeu 27 avr 12:41:51 2017


Gurobi 6.5.2 (mac64) logging started Jeu 27 avr 12:44:16 2017


Gurobi 6.5.2 (mac64) logging started Jeu 27 avr 12:49:22 2017


Gurobi 6.5.2 (mac64) logging started Jeu 27 avr 12:52:52 2017


Gurobi 6.5.2 (mac64) logging started Jeu 27 avr 12:53:59 2017


Gurobi 6.5.2 (mac64) logging started Jeu 27 avr 13:02:22 2017


Gurobi 6.5.2 (mac64) logging started Jeu 27 avr 13:02:52 2017


Gurobi 6.5.2 (mac64) logging started Jeu 27 avr 13:05:17 2017


Gurobi 6.5.2 (mac64) logging started Jeu 27 avr 13:16:19 2017


Gurobi 6.5.2 (mac64) logging started Jeu 27 avr 13:17:30 2017


Gurobi 6.5.2 (mac64) logging started Jeu 27 avr 13:21:42 2017


Gurobi 6.5.2 (mac64) logging started Jeu 27 avr 13:23:54 2017


Gurobi 6.5.2 (mac64) logging started Jeu 27 avr 13:26:49 2017


Gurobi 6.5.2 (mac64) logging started Jeu 27 avr 13:29:53 2017


Gurobi 6.5.2 (mac64) logging started Jeu 27 avr 13:31:45 2017


Gurobi 6.5.2 (mac64) logging started Jeu 27 avr 13:33:05 2017


Gurobi 6.5.2 (mac64) logging started Jeu 27 avr 14:07:36 2017


Gurobi 6.5.2 (mac64) logging started Jeu 27 avr 14:08:14 2017


Gurobi 6.5.2 (mac64) logging started Jeu 27 avr 14:08:37 2017


Gurobi 6.5.2 (mac64) logging started Jeu 27 avr 14:16:12 2017


Gurobi 6.5.2 (mac64) logging started Jeu 27 avr 14:19:32 2017


Gurobi 6.5.2 (mac64) logging started Jeu 27 avr 14:20:28 2017


Gurobi 6.5.2 (mac64) logging started Jeu 27 avr 14:25:37 2017


Gurobi 6.5.2 (mac64) logging started Jeu 27 avr 14:26:05 2017


Gurobi 6.5.2 (mac64) logging started Jeu 27 avr 14:26:36 2017


Gurobi 6.5.2 (mac64) logging started Jeu 27 avr 14:27:06 2017


Gurobi 6.5.2 (mac64) logging started Jeu 27 avr 14:30:08 2017


Gurobi 6.5.2 (mac64) logging started Jeu 27 avr 14:49:45 2017


Gurobi 6.5.2 (mac64) logging started Jeu 27 avr 15:02:39 2017


Gurobi 6.5.2 (mac64) logging started Jeu 27 avr 15:09:18 2017


Gurobi 6.5.2 (mac64) logging started Jeu 27 avr 15:11:49 2017


Gurobi 6.5.2 (mac64) logging started Jeu 27 avr 15:18:19 2017


Gurobi 6.5.2 (mac64) logging started Jeu 27 avr 15:20:07 2017


Gurobi 6.5.2 (mac64) logging started Jeu 27 avr 15:25:25 2017


Gurobi 6.5.2 (mac64) logging started Jeu 27 avr 15:26:47 2017


Gurobi 6.5.2 (mac64) logging started Jeu 27 avr 15:31:08 2017


Gurobi 6.5.2 (mac64) logging started Jeu 27 avr 15:31:39 2017


Gurobi 6.5.2 (mac64) logging started Jeu 27 avr 15:32:12 2017


Gurobi 6.5.2 (mac64) logging started Jeu 27 avr 15:34:50 2017


Gurobi 6.5.2 (mac64) logging started Jeu 27 avr 15:44:09 2017


Gurobi 6.5.2 (mac64) logging started Jeu 27 avr 15:56:00 2017


Gurobi 6.5.2 (mac64) logging started Jeu 27 avr 16:04:37 2017


Gurobi 6.5.2 (mac64) logging started Jeu 27 avr 16:11:12 2017


Gurobi 6.5.2 (mac64) logging started Jeu 27 avr 16:11:55 2017


Gurobi 6.5.2 (mac64) logging started Jeu 27 avr 16:12:53 2017


Gurobi 6.5.2 (mac64) logging started Jeu 27 avr 16:15:07 2017


Gurobi 6.5.2 (mac64) logging started Jeu 27 avr 16:16:14 2017


Gurobi 6.5.2 (mac64) logging started Jeu 27 avr 16:18:11 2017


Gurobi 6.5.2 (mac64) logging started Jeu 27 avr 16:36:49 2017


Gurobi 6.5.2 (mac64) logging started Jeu 27 avr 16:38:32 2017


Gurobi 6.5.2 (mac64) logging started Jeu 27 avr 16:40:29 2017


Gurobi 6.5.2 (mac64) logging started Jeu 27 avr 16:41:08 2017


Gurobi 6.5.2 (mac64) logging started Jeu 27 avr 16:42:05 2017


Gurobi 6.5.2 (mac64) logging started Jeu 27 avr 16:46:08 2017


Gurobi 6.5.2 (mac64) logging started Jeu 27 avr 16:47:38 2017


Gurobi 6.5.2 (mac64) logging started Jeu 27 avr 16:48:30 2017


Gurobi 6.5.2 (mac64) logging started Jeu 27 avr 16:49:38 2017


Gurobi 6.5.2 (mac64) logging started Jeu 27 avr 16:50:15 2017


Gurobi 6.5.2 (mac64) logging started Jeu 27 avr 16:53:29 2017


Gurobi 6.5.2 (mac64) logging started Jeu 27 avr 16:54:09 2017


Gurobi 6.5.2 (mac64) logging started Jeu 27 avr 16:55:10 2017


Gurobi 6.5.2 (mac64) logging started Jeu 27 avr 16:56:08 2017


Gurobi 6.5.2 (mac64) logging started Jeu 27 avr 16:57:31 2017


Gurobi 6.5.2 (mac64) logging started Jeu 27 avr 17:00:53 2017


Gurobi 6.5.2 (mac64) logging started Jeu 27 avr 17:02:11 2017


Gurobi 6.5.2 (mac64) logging started Jeu 27 avr 17:03:31 2017


Gurobi 6.5.2 (mac64) logging started Jeu 27 avr 17:04:32 2017


Gurobi 6.5.2 (mac64) logging started Jeu 27 avr 17:05:33 2017


Gurobi 6.5.2 (mac64) logging started Jeu 27 avr 17:06:58 2017


Gurobi 6.5.2 (mac64) logging started Jeu 27 avr 17:09:31 2017


Gurobi 6.5.2 (mac64) logging started Jeu 27 avr 17:10:05 2017


Gurobi 6.5.2 (mac64) logging started Jeu 27 avr 17:11:46 2017


Gurobi 6.5.2 (mac64) logging started Jeu 27 avr 17:13:51 2017


Gurobi 6.5.2 (mac64) logging started Jeu 27 avr 17:14:16 2017


Gurobi 6.5.2 (mac64) logging started Jeu 27 avr 17:15:56 2017


Gurobi 6.5.2 (mac64) logging started Jeu 27 avr 17:27:11 2017


Gurobi 6.5.2 (mac64) logging started Jeu 27 avr 17:39:05 2017


Gurobi 6.5.2 (mac64) logging started Jeu 27 avr 17:45:27 2017


Gurobi 6.5.2 (mac64) logging started Jeu 27 avr 17:48:51 2017


Gurobi 6.5.2 (mac64) logging started Jeu 27 avr 18:01:02 2017


Gurobi 6.5.2 (mac64) logging started Jeu 27 avr 18:01:41 2017


Gurobi 6.5.2 (mac64) logging started Jeu 27 avr 18:05:12 2017


Gurobi 6.5.2 (mac64) logging started Jeu 27 avr 18:08:19 2017


Gurobi 6.5.2 (mac64) logging started Jeu 27 avr 18:11:59 2017


Gurobi 6.5.2 (mac64) logging started Jeu 27 avr 18:12:42 2017


Gurobi 6.5.2 (mac64) logging started Jeu 27 avr 18:14:58 2017


Gurobi 6.5.2 (mac64) logging started Jeu 27 avr 19:23:05 2017


Gurobi 6.5.2 (mac64) logging started Jeu 27 avr 19:24:03 2017


Gurobi 6.5.2 (mac64) logging started Jeu 27 avr 19:26:00 2017


Gurobi 6.5.2 (mac64) logging started Jeu 27 avr 19:27:20 2017


Gurobi 6.5.2 (mac64) logging started Jeu 27 avr 19:28:20 2017


Gurobi 6.5.2 (mac64) logging started Jeu 27 avr 19:35:31 2017


Gurobi 6.5.2 (mac64) logging started Jeu 27 avr 19:36:42 2017


Gurobi 6.5.2 (mac64) logging started Jeu 27 avr 19:43:21 2017


Gurobi 6.5.2 (mac64) logging started Jeu 27 avr 19:45:33 2017


Gurobi 6.5.2 (mac64) logging started Jeu 27 avr 19:46:17 2017


Gurobi 6.5.2 (mac64) logging started Jeu 27 avr 19:52:04 2017


Gurobi 6.5.2 (mac64) logging started Jeu 27 avr 20:00:16 2017


Gurobi 6.5.2 (mac64) logging started Jeu 27 avr 20:01:05 2017


Gurobi 6.5.2 (mac64) logging started Jeu 27 avr 20:01:32 2017


Gurobi 6.5.2 (mac64) logging started Jeu 27 avr 20:06:03 2017


Gurobi 6.5.2 (mac64) logging started Jeu 27 avr 20:12:04 2017


Gurobi 6.5.2 (mac64) logging started Jeu 27 avr 20:20:15 2017


Gurobi 6.5.2 (mac64) logging started Jeu 27 avr 21:23:18 2017


Gurobi 6.5.2 (mac64) logging started Jeu 27 avr 21:23:43 2017


Gurobi 6.5.2 (mac64) logging started Jeu 27 avr 21:25:09 2017


Gurobi 6.5.2 (mac64) logging started Jeu 27 avr 21:25:31 2017


Gurobi 6.5.2 (mac64) logging started Jeu 27 avr 21:27:10 2017


Gurobi 6.5.2 (mac64) logging started Jeu 27 avr 22:20:31 2017


Gurobi 6.5.2 (mac64) logging started Jeu 27 avr 22:35:28 2017


Gurobi 6.5.2 (mac64) logging started Jeu 27 avr 22:43:07 2017


Gurobi 6.5.2 (mac64) logging started Jeu 27 avr 23:07:13 2017


Gurobi 6.5.2 (mac64) logging started Jeu 27 avr 23:21:56 2017


Gurobi 6.5.2 (mac64) logging started Jeu 27 avr 23:22:47 2017


Gurobi 6.5.2 (mac64) logging started Jeu 27 avr 23:48:47 2017


Gurobi 6.5.2 (mac64) logging started Ven 28 avr 00:03:18 2017


Gurobi 6.5.2 (mac64) logging started Ven 28 avr 09:51:40 2017


Gurobi 6.5.2 (mac64) logging started Ven 28 avr 15:39:47 2017


Gurobi 6.5.2 (mac64) logging started Ven 28 avr 15:40:12 2017


Gurobi 6.5.2 (mac64) logging started Ven 28 avr 15:41:40 2017


Gurobi 6.5.2 (mac64) logging started Ven 28 avr 15:42:01 2017


Gurobi 6.5.2 (mac64) logging started Ven 28 avr 15:51:27 2017


Gurobi 6.5.2 (mac64) logging started Ven 28 avr 16:22:17 2017


Gurobi 6.5.2 (mac64) logging started Ven 28 avr 16:26:07 2017


Gurobi 6.5.2 (mac64) logging started Ven 28 avr 16:29:16 2017


Gurobi 6.5.2 (mac64) logging started Ven 28 avr 16:37:48 2017


Gurobi 6.5.2 (mac64) logging started Ven 28 avr 16:43:24 2017


Gurobi 6.5.2 (mac64) logging started Ven 28 avr 16:46:15 2017


Gurobi 6.5.2 (mac64) logging started Ven 28 avr 16:50:32 2017


Gurobi 6.5.2 (mac64) logging started Ven 28 avr 16:55:14 2017


Gurobi 6.5.2 (mac64) logging started Ven 28 avr 16:56:40 2017


Gurobi 6.5.2 (mac64) logging started Ven 28 avr 17:01:33 2017


Gurobi 6.5.2 (mac64) logging started Ven 28 avr 17:07:11 2017


Gurobi 6.5.2 (mac64) logging started Dim 30 avr 10:04:05 2017


Gurobi 6.5.2 (mac64) logging started Dim 30 avr 10:17:22 2017


Gurobi 6.5.2 (mac64) logging started Dim 30 avr 10:28:39 2017


Gurobi 6.5.2 (mac64) logging started Dim 30 avr 10:29:57 2017


Gurobi 6.5.2 (mac64) logging started Dim 30 avr 10:30:34 2017


Gurobi 6.5.2 (mac64) logging started Dim 30 avr 10:41:14 2017


Gurobi 6.5.2 (mac64) logging started Dim 30 avr 10:42:44 2017


Gurobi 6.5.2 (mac64) logging started Dim 30 avr 10:47:16 2017


Gurobi 6.5.2 (mac64) logging started Dim 30 avr 16:19:57 2017


Gurobi 6.5.2 (mac64) logging started Dim 30 avr 16:23:23 2017


Gurobi 6.5.2 (mac64) logging started Dim 30 avr 16:54:11 2017


Gurobi 6.5.2 (mac64) logging started Lun  1 mai 09:55:29 2017


Gurobi 6.5.2 (mac64) logging started Lun  1 mai 09:55:49 2017


Gurobi 6.5.2 (mac64) logging started Lun  1 mai 09:59:17 2017


Gurobi 6.5.2 (mac64) logging started Lun  1 mai 10:16:16 2017


Gurobi 6.5.2 (mac64) logging started Lun  1 mai 10:20:38 2017


Gurobi 6.5.2 (mac64) logging started Lun  1 mai 10:25:58 2017


Gurobi 6.5.2 (mac64) logging started Lun  1 mai 10:37:35 2017


Gurobi 6.5.2 (mac64) logging started Lun  1 mai 10:41:36 2017


Gurobi 6.5.2 (mac64) logging started Lun  1 mai 12:42:25 2017


Gurobi 6.5.2 (mac64) logging started Mer  3 mai 20:09:12 2017


Gurobi 6.5.2 (mac64) logging started Mer  3 mai 20:12:13 2017


Gurobi 6.5.2 (mac64) logging started Mer  3 mai 21:11:23 2017


Gurobi 6.5.2 (mac64) logging started Mer  3 mai 21:14:00 2017


Gurobi 6.5.2 (mac64) logging started Mer  3 mai 21:15:04 2017


Gurobi 6.5.2 (mac64) logging started Mer  3 mai 21:23:46 2017


Gurobi 6.5.2 (mac64) logging started Mer  3 mai 21:30:54 2017


Gurobi 6.5.2 (mac64) logging started Mer  3 mai 21:32:47 2017


Gurobi 6.5.2 (mac64) logging started Mer  3 mai 21:35:00 2017


Gurobi 6.5.2 (mac64) logging started Mer  3 mai 21:37:09 2017


Gurobi 6.5.2 (mac64) logging started Mer  3 mai 21:41:17 2017


Gurobi 6.5.2 (mac64) logging started Mer  3 mai 21:42:37 2017


Gurobi 6.5.2 (mac64) logging started Mer  3 mai 21:43:53 2017


Gurobi 6.5.2 (mac64) logging started Mer  3 mai 21:47:01 2017


Gurobi 6.5.2 (mac64) logging started Mer  3 mai 21:48:09 2017


Gurobi 6.5.2 (mac64) logging started Mer  3 mai 21:48:53 2017


Gurobi 6.5.2 (mac64) logging started Mer  3 mai 21:49:05 2017


Gurobi 6.5.2 (mac64) logging started Mer  3 mai 21:52:27 2017


Gurobi 6.5.2 (mac64) logging started Mer  3 mai 21:59:06 2017


Gurobi 6.5.2 (mac64) logging started Mer  3 mai 22:01:28 2017


Gurobi 6.5.2 (mac64) logging started Mer  3 mai 22:02:33 2017


Gurobi 6.5.2 (mac64) logging started Mer  3 mai 22:07:09 2017


Gurobi 6.5.2 (mac64) logging started Mer  3 mai 22:08:54 2017


Gurobi 6.5.2 (mac64) logging started Jeu  4 mai 11:50:57 2017


Gurobi 6.5.2 (mac64) logging started Jeu  4 mai 12:13:33 2017


Gurobi 6.5.2 (mac64) logging started Jeu  4 mai 12:15:41 2017


Gurobi 6.5.2 (mac64) logging started Jeu  4 mai 12:40:52 2017


Gurobi 6.5.2 (mac64) logging started Jeu  4 mai 13:30:48 2017


Gurobi 6.5.2 (mac64) logging started Jeu  4 mai 13:45:27 2017


Gurobi 6.5.2 (mac64) logging started Jeu  4 mai 13:46:21 2017


Gurobi 6.5.2 (mac64) logging started Jeu  4 mai 13:47:05 2017


Gurobi 6.5.2 (mac64) logging started Jeu  4 mai 14:09:10 2017


Gurobi 6.5.2 (mac64) logging started Jeu  4 mai 14:10:07 2017


Gurobi 6.5.2 (mac64) logging started Jeu  4 mai 14:11:00 2017


Gurobi 6.5.2 (mac64) logging started Jeu  4 mai 14:14:34 2017


Gurobi 6.5.2 (mac64) logging started Jeu  4 mai 14:15:40 2017


Gurobi 6.5.2 (mac64) logging started Jeu  4 mai 14:16:01 2017


Gurobi 6.5.2 (mac64) logging started Jeu  4 mai 14:17:09 2017


Gurobi 6.5.2 (mac64) logging started Jeu  4 mai 14:18:08 2017


Gurobi 6.5.2 (mac64) logging started Jeu  4 mai 14:23:57 2017


Gurobi 6.5.2 (mac64) logging started Jeu  4 mai 14:38:35 2017


Gurobi 6.5.2 (mac64) logging started Jeu  4 mai 14:39:08 2017


Gurobi 6.5.2 (mac64) logging started Jeu  4 mai 14:40:49 2017


Gurobi 6.5.2 (mac64) logging started Jeu  4 mai 14:42:05 2017


Gurobi 6.5.2 (mac64) logging started Jeu  4 mai 14:43:05 2017


Gurobi 6.5.2 (mac64) logging started Jeu  4 mai 14:44:31 2017


Gurobi 6.5.2 (mac64) logging started Jeu  4 mai 14:46:02 2017


Gurobi 6.5.2 (mac64) logging started Jeu  4 mai 14:47:18 2017


Gurobi 6.5.2 (mac64) logging started Jeu  4 mai 14:49:25 2017


Gurobi 6.5.2 (mac64) logging started Jeu  4 mai 14:50:46 2017


Gurobi 6.5.2 (mac64) logging started Jeu  4 mai 14:52:02 2017


Gurobi 6.5.2 (mac64) logging started Jeu  4 mai 14:53:54 2017


Gurobi 6.5.2 (mac64) logging started Jeu  4 mai 15:07:43 2017


Gurobi 6.5.2 (mac64) logging started Jeu  4 mai 15:09:26 2017


Gurobi 6.5.2 (mac64) logging started Jeu  4 mai 15:26:16 2017


Gurobi 6.5.2 (mac64) logging started Jeu  4 mai 15:31:45 2017


Gurobi 6.5.2 (mac64) logging started Jeu  4 mai 15:35:50 2017


Gurobi 6.5.2 (mac64) logging started Jeu  4 mai 15:45:00 2017


Gurobi 6.5.2 (mac64) logging started Jeu  4 mai 15:45:30 2017


Gurobi 6.5.2 (mac64) logging started Jeu  4 mai 15:47:53 2017


Gurobi 6.5.2 (mac64) logging started Jeu  4 mai 15:53:19 2017


Gurobi 6.5.2 (mac64) logging started Jeu  4 mai 15:55:38 2017


Gurobi 6.5.2 (mac64) logging started Jeu  4 mai 15:58:08 2017


Gurobi 6.5.2 (mac64) logging started Jeu  4 mai 16:01:29 2017


Gurobi 6.5.2 (mac64) logging started Jeu  4 mai 16:32:30 2017


Gurobi 6.5.2 (mac64) logging started Jeu  4 mai 16:49:39 2017


Gurobi 6.5.2 (mac64) logging started Jeu  4 mai 17:17:50 2017


Gurobi 6.5.2 (mac64) logging started Jeu  4 mai 17:38:12 2017


Gurobi 6.5.2 (mac64) logging started Jeu  4 mai 17:58:57 2017


Gurobi 6.5.2 (mac64) logging started Jeu  4 mai 17:59:59 2017


Gurobi 6.5.2 (mac64) logging started Jeu  4 mai 18:00:27 2017


Gurobi 6.5.2 (mac64) logging started Jeu  4 mai 18:08:36 2017


Gurobi 6.5.2 (mac64) logging started Jeu  4 mai 18:34:11 2017


Gurobi 6.5.2 (mac64) logging started Jeu  4 mai 18:34:32 2017


Gurobi 6.5.2 (mac64) logging started Jeu  4 mai 18:43:04 2017


Gurobi 6.5.2 (mac64) logging started Jeu  4 mai 18:54:27 2017


Gurobi 6.5.2 (mac64) logging started Jeu  4 mai 19:31:18 2017


Gurobi 6.5.2 (mac64) logging started Jeu  4 mai 19:34:15 2017


Gurobi 6.5.2 (mac64) logging started Jeu  4 mai 19:34:52 2017


Gurobi 6.5.2 (mac64) logging started Jeu  4 mai 19:54:52 2017


Gurobi 6.5.2 (mac64) logging started Jeu  4 mai 20:03:20 2017


Gurobi 6.5.2 (mac64) logging started Jeu  4 mai 23:49:55 2017


Gurobi 6.5.2 (mac64) logging started Jeu  4 mai 23:55:37 2017


Gurobi 6.5.2 (mac64) logging started Jeu  4 mai 23:58:53 2017


Gurobi 6.5.2 (mac64) logging started Ven  5 mai 00:00:02 2017


Gurobi 6.5.2 (mac64) logging started Ven  5 mai 00:07:13 2017


Gurobi 6.5.2 (mac64) logging started Ven  5 mai 09:23:43 2017


Gurobi 6.5.2 (mac64) logging started Ven  5 mai 09:39:19 2017


Gurobi 6.5.2 (mac64) logging started Ven  5 mai 09:41:46 2017


Gurobi 6.5.2 (mac64) logging started Ven  5 mai 09:46:23 2017


Gurobi 6.5.2 (mac64) logging started Ven  5 mai 09:50:16 2017


Gurobi 6.5.2 (mac64) logging started Ven  5 mai 09:53:12 2017


Gurobi 6.5.2 (mac64) logging started Ven  5 mai 09:54:44 2017


Gurobi 6.5.2 (mac64) logging started Ven  5 mai 10:01:51 2017


Gurobi 6.5.2 (mac64) logging started Ven  5 mai 15:44:08 2017


Gurobi 6.5.2 (mac64) logging started Ven  5 mai 15:53:33 2017


Gurobi 6.5.2 (mac64) logging started Ven  5 mai 15:57:41 2017


Gurobi 6.5.2 (mac64) logging started Ven  5 mai 16:01:21 2017


Gurobi 6.5.2 (mac64) logging started Ven  5 mai 16:02:38 2017


Gurobi 6.5.2 (mac64) logging started Ven  5 mai 16:03:49 2017


Gurobi 6.5.2 (mac64) logging started Ven  5 mai 16:04:48 2017


Gurobi 6.5.2 (mac64) logging started Ven  5 mai 16:10:17 2017


Gurobi 6.5.2 (mac64) logging started Ven  5 mai 16:14:29 2017


Gurobi 6.5.2 (mac64) logging started Ven  5 mai 16:15:01 2017


Gurobi 6.5.2 (mac64) logging started Ven  5 mai 16:18:41 2017


Gurobi 6.5.2 (mac64) logging started Ven  5 mai 16:24:52 2017


Gurobi 6.5.2 (mac64) logging started Ven  5 mai 16:25:50 2017


Gurobi 6.5.2 (mac64) logging started Ven  5 mai 16:28:37 2017


Gurobi 6.5.2 (mac64) logging started Ven  5 mai 16:38:45 2017


Gurobi 6.5.2 (mac64) logging started Ven  5 mai 16:39:42 2017


Gurobi 6.5.2 (mac64) logging started Ven  5 mai 16:42:01 2017


Gurobi 6.5.2 (mac64) logging started Ven  5 mai 17:18:11 2017


Gurobi 6.5.2 (mac64) logging started Ven  5 mai 17:19:23 2017


Gurobi 6.5.2 (mac64) logging started Ven  5 mai 17:24:00 2017


Gurobi 6.5.2 (mac64) logging started Ven  5 mai 17:29:29 2017


Gurobi 6.5.2 (mac64) logging started Ven  5 mai 17:49:08 2017


Gurobi 6.5.2 (mac64) logging started Ven  5 mai 17:51:13 2017


Gurobi 6.5.2 (mac64) logging started Ven  5 mai 17:55:32 2017


Gurobi 6.5.2 (mac64) logging started Ven  5 mai 18:01:25 2017


Gurobi 6.5.2 (mac64) logging started Ven  5 mai 18:16:02 2017


Gurobi 6.5.2 (mac64) logging started Ven  5 mai 18:33:55 2017


Gurobi 6.5.2 (mac64) logging started Ven  5 mai 18:34:34 2017


Gurobi 6.5.2 (mac64) logging started Ven  5 mai 18:36:14 2017


Gurobi 6.5.2 (mac64) logging started Ven  5 mai 18:47:17 2017


Gurobi 6.5.2 (mac64) logging started Ven  5 mai 19:01:33 2017


Gurobi 6.5.2 (mac64) logging started Ven  5 mai 19:03:19 2017


Gurobi 6.5.2 (mac64) logging started Ven  5 mai 19:32:19 2017


Gurobi 6.5.2 (mac64) logging started Ven  5 mai 20:08:37 2017


Gurobi 6.5.2 (mac64) logging started Ven  5 mai 20:09:33 2017


Gurobi 6.5.2 (mac64) logging started Sam  6 mai 13:21:58 2017


Gurobi 6.5.2 (mac64) logging started Sam  6 mai 13:24:27 2017


Gurobi 6.5.2 (mac64) logging started Sam  6 mai 13:34:23 2017


Gurobi 6.5.2 (mac64) logging started Sam  6 mai 13:44:27 2017


Gurobi 6.5.2 (mac64) logging started Sam  6 mai 13:54:09 2017


Gurobi 6.5.2 (mac64) logging started Sam  6 mai 14:10:45 2017


Gurobi 6.5.2 (mac64) logging started Sam  6 mai 14:12:55 2017


Gurobi 6.5.2 (mac64) logging started Lun  8 mai 12:35:08 2017


Gurobi 6.5.2 (mac64) logging started Lun  8 mai 12:37:44 2017


Gurobi 6.5.2 (mac64) logging started Lun  8 mai 22:04:10 2017


Gurobi 6.5.2 (mac64) logging started Lun  8 mai 22:17:54 2017


Gurobi 6.5.2 (mac64) logging started Lun  8 mai 23:24:46 2017


Gurobi 6.5.2 (mac64) logging started Lun  8 mai 23:26:19 2017


Gurobi 6.5.2 (mac64) logging started Lun  8 mai 23:27:33 2017


Gurobi 6.5.2 (mac64) logging started Lun  8 mai 23:32:01 2017


Gurobi 6.5.2 (mac64) logging started Lun  8 mai 23:53:38 2017


Gurobi 6.5.2 (mac64) logging started Lun  8 mai 23:54:53 2017


Gurobi 6.5.2 (mac64) logging started Lun  8 mai 23:57:31 2017


Gurobi 6.5.2 (mac64) logging started Mar  9 mai 00:23:35 2017


Gurobi 6.5.2 (mac64) logging started Mar  9 mai 00:28:03 2017


Gurobi 6.5.2 (mac64) logging started Mar  9 mai 00:29:05 2017


Gurobi 6.5.2 (mac64) logging started Mar  9 mai 00:29:53 2017


Gurobi 6.5.2 (mac64) logging started Mar  9 mai 00:30:11 2017


Gurobi 6.5.2 (mac64) logging started Mar  9 mai 00:31:15 2017


Gurobi 6.5.2 (mac64) logging started Mar  9 mai 00:38:12 2017


Gurobi 6.5.2 (mac64) logging started Mar  9 mai 00:38:48 2017


Gurobi 6.5.2 (mac64) logging started Mar  9 mai 00:41:34 2017


Gurobi 6.5.2 (mac64) logging started Mar  9 mai 00:42:54 2017


Gurobi 6.5.2 (mac64) logging started Mar  9 mai 00:43:18 2017


Gurobi 6.5.2 (mac64) logging started Mar  9 mai 00:44:38 2017


Gurobi 6.5.2 (mac64) logging started Mar  9 mai 00:45:21 2017


Gurobi 6.5.2 (mac64) logging started Mar  9 mai 00:47:02 2017


Gurobi 6.5.2 (mac64) logging started Mar  9 mai 00:48:49 2017


Gurobi 6.5.2 (mac64) logging started Mar  9 mai 00:50:39 2017


Gurobi 6.5.2 (mac64) logging started Mar  9 mai 00:55:12 2017


Gurobi 6.5.2 (mac64) logging started Mar  9 mai 00:56:31 2017


Gurobi 6.5.2 (mac64) logging started Mar  9 mai 12:22:05 2017


Gurobi 6.5.2 (mac64) logging started Mar  9 mai 12:23:13 2017


Gurobi 6.5.2 (mac64) logging started Mar  9 mai 12:24:37 2017


Gurobi 6.5.2 (mac64) logging started Mar  9 mai 12:49:24 2017


Gurobi 6.5.2 (mac64) logging started Mar  9 mai 14:24:20 2017


Gurobi 6.5.2 (mac64) logging started Mar  9 mai 14:25:45 2017


Gurobi 6.5.2 (mac64) logging started Mar  9 mai 14:38:09 2017


Gurobi 6.5.2 (mac64) logging started Mar  9 mai 14:41:56 2017


Gurobi 6.5.2 (mac64) logging started Mar  9 mai 16:36:34 2017


Gurobi 6.5.2 (mac64) logging started Mar  9 mai 16:37:41 2017


Gurobi 6.5.2 (mac64) logging started Mar  9 mai 16:49:23 2017


Gurobi 6.5.2 (mac64) logging started Mar  9 mai 16:58:31 2017


Gurobi 6.5.2 (mac64) logging started Mar  9 mai 17:04:50 2017


Gurobi 6.5.2 (mac64) logging started Mar  9 mai 17:14:46 2017


Gurobi 6.5.2 (mac64) logging started Mar  9 mai 17:29:21 2017


Gurobi 6.5.2 (mac64) logging started Mar  9 mai 17:31:09 2017


Gurobi 6.5.2 (mac64) logging started Mar  9 mai 17:32:15 2017


Gurobi 6.5.2 (mac64) logging started Mar  9 mai 17:33:16 2017


Gurobi 6.5.2 (mac64) logging started Mar  9 mai 17:34:03 2017


Gurobi 6.5.2 (mac64) logging started Mar  9 mai 17:37:40 2017


Gurobi 6.5.2 (mac64) logging started Mar  9 mai 19:29:29 2017


Gurobi 6.5.2 (mac64) logging started Mar  9 mai 20:02:23 2017


Gurobi 6.5.2 (mac64) logging started Mer 10 mai 00:12:15 2017


Gurobi 6.5.2 (mac64) logging started Mer 10 mai 00:13:17 2017


Gurobi 6.5.2 (mac64) logging started Mer 10 mai 00:14:18 2017


Gurobi 6.5.2 (mac64) logging started Mer 10 mai 00:16:30 2017


Gurobi 6.5.2 (mac64) logging started Mer 10 mai 00:18:43 2017


Gurobi 6.5.2 (mac64) logging started Mer 10 mai 00:20:43 2017


Gurobi 6.5.2 (mac64) logging started Mer 10 mai 00:24:10 2017


Gurobi 6.5.2 (mac64) logging started Mer 10 mai 00:26:39 2017


Gurobi 6.5.2 (mac64) logging started Mer 10 mai 00:38:30 2017


Gurobi 6.5.2 (mac64) logging started Mer 10 mai 00:41:29 2017


Gurobi 6.5.2 (mac64) logging started Mer 10 mai 01:11:34 2017


Gurobi 6.5.2 (mac64) logging started Mer 10 mai 11:21:02 2017


Gurobi 6.5.2 (mac64) logging started Mer 10 mai 11:23:26 2017


Gurobi 6.5.2 (mac64) logging started Mer 10 mai 11:25:18 2017


Gurobi 6.5.2 (mac64) logging started Mer 10 mai 15:24:42 2017


Gurobi 6.5.2 (mac64) logging started Mer 10 mai 15:25:09 2017


Gurobi 6.5.2 (mac64) logging started Mer 10 mai 15:27:37 2017


Gurobi 6.5.2 (mac64) logging started Mer 10 mai 15:28:03 2017


Gurobi 6.5.2 (mac64) logging started Mer 10 mai 15:30:22 2017


Gurobi 6.5.2 (mac64) logging started Mer 10 mai 15:31:32 2017


Gurobi 6.5.2 (mac64) logging started Mer 10 mai 15:34:28 2017


Gurobi 6.5.2 (mac64) logging started Mer 10 mai 15:37:21 2017


Gurobi 6.5.2 (mac64) logging started Mer 10 mai 15:40:29 2017


Gurobi 6.5.2 (mac64) logging started Mer 10 mai 15:41:39 2017


Gurobi 6.5.2 (mac64) logging started Mer 10 mai 15:43:02 2017


Gurobi 6.5.2 (mac64) logging started Mer 10 mai 15:44:40 2017


Gurobi 6.5.2 (mac64) logging started Mer 10 mai 15:53:08 2017


Gurobi 6.5.2 (mac64) logging started Mer 10 mai 16:00:22 2017


Gurobi 6.5.2 (mac64) logging started Mer 10 mai 16:01:34 2017


Gurobi 6.5.2 (mac64) logging started Mer 10 mai 16:02:02 2017


Gurobi 6.5.2 (mac64) logging started Mer 10 mai 16:03:08 2017


Gurobi 6.5.2 (mac64) logging started Mer 10 mai 16:03:42 2017


Gurobi 6.5.2 (mac64) logging started Mer 10 mai 16:04:41 2017


Gurobi 6.5.2 (mac64) logging started Mer 10 mai 16:34:03 2017


Gurobi 6.5.2 (mac64) logging started Mer 10 mai 16:35:41 2017


Gurobi 6.5.2 (mac64) logging started Mer 10 mai 16:36:01 2017


Gurobi 6.5.2 (mac64) logging started Mer 10 mai 16:37:01 2017


Gurobi 6.5.2 (mac64) logging started Mer 10 mai 16:41:23 2017


Gurobi 6.5.2 (mac64) logging started Mer 10 mai 16:42:20 2017


Gurobi 6.5.2 (mac64) logging started Mer 10 mai 16:48:31 2017


Gurobi 6.5.2 (mac64) logging started Mer 10 mai 16:56:37 2017


Gurobi 6.5.2 (mac64) logging started Mer 10 mai 16:57:21 2017


Gurobi 6.5.2 (mac64) logging started Mer 10 mai 17:04:16 2017


Gurobi 6.5.2 (mac64) logging started Mer 10 mai 17:09:51 2017


Gurobi 6.5.2 (mac64) logging started Mer 10 mai 17:16:05 2017


Gurobi 6.5.2 (mac64) logging started Mer 10 mai 17:17:05 2017


Gurobi 6.5.2 (mac64) logging started Mer 10 mai 17:18:26 2017


Gurobi 6.5.2 (mac64) logging started Mer 10 mai 17:19:21 2017


Gurobi 6.5.2 (mac64) logging started Mer 10 mai 17:23:30 2017


Gurobi 6.5.2 (mac64) logging started Mer 10 mai 17:24:47 2017


Gurobi 6.5.2 (mac64) logging started Mer 10 mai 17:26:42 2017


Gurobi 6.5.2 (mac64) logging started Mer 10 mai 17:28:24 2017


Gurobi 6.5.2 (mac64) logging started Mer 10 mai 17:30:24 2017


Gurobi 6.5.2 (mac64) logging started Mer 10 mai 17:34:03 2017


Gurobi 6.5.2 (mac64) logging started Mer 10 mai 17:36:51 2017


Gurobi 6.5.2 (mac64) logging started Mer 10 mai 17:40:43 2017


Gurobi 6.5.2 (mac64) logging started Mer 10 mai 17:43:55 2017


Gurobi 6.5.2 (mac64) logging started Mer 10 mai 17:45:30 2017


Gurobi 6.5.2 (mac64) logging started Mer 10 mai 17:51:43 2017


Gurobi 6.5.2 (mac64) logging started Mer 10 mai 17:56:47 2017


Gurobi 6.5.2 (mac64) logging started Mer 10 mai 18:00:19 2017


Gurobi 6.5.2 (mac64) logging started Mer 10 mai 18:01:55 2017


Gurobi 6.5.2 (mac64) logging started Mer 10 mai 18:03:06 2017


Gurobi 6.5.2 (mac64) logging started Mer 10 mai 18:04:18 2017


Gurobi 6.5.2 (mac64) logging started Mer 10 mai 18:06:51 2017


Gurobi 6.5.2 (mac64) logging started Mer 10 mai 18:09:31 2017


Gurobi 6.5.2 (mac64) logging started Mer 10 mai 18:10:48 2017


Gurobi 6.5.2 (mac64) logging started Mer 10 mai 18:11:31 2017


Gurobi 6.5.2 (mac64) logging started Mer 10 mai 18:23:03 2017


Gurobi 6.5.2 (mac64) logging started Mer 10 mai 18:25:38 2017


Gurobi 6.5.2 (mac64) logging started Mer 10 mai 18:27:35 2017


Gurobi 6.5.2 (mac64) logging started Mer 10 mai 18:56:08 2017


Gurobi 6.5.2 (mac64) logging started Mer 10 mai 22:50:39 2017


Gurobi 6.5.2 (mac64) logging started Mer 10 mai 23:26:09 2017


Gurobi 6.5.2 (mac64) logging started Jeu 11 mai 12:02:23 2017


Gurobi 6.5.2 (mac64) logging started Jeu 11 mai 12:04:50 2017


Gurobi 6.5.2 (mac64) logging started Jeu 11 mai 14:47:50 2017


Gurobi 6.5.2 (mac64) logging started Jeu 11 mai 14:48:39 2017


Gurobi 6.5.2 (mac64) logging started Jeu 11 mai 15:35:29 2017


Gurobi 6.5.2 (mac64) logging started Jeu 11 mai 15:36:34 2017


Gurobi 6.5.2 (mac64) logging started Jeu 11 mai 16:09:10 2017


Gurobi 6.5.2 (mac64) logging started Jeu 11 mai 16:32:37 2017


Gurobi 6.5.2 (mac64) logging started Jeu 11 mai 16:36:09 2017


Gurobi 6.5.2 (mac64) logging started Jeu 11 mai 17:05:44 2017


Gurobi 6.5.2 (mac64) logging started Jeu 11 mai 17:11:05 2017


Gurobi 6.5.2 (mac64) logging started Jeu 11 mai 17:20:48 2017


Gurobi 6.5.2 (mac64) logging started Jeu 11 mai 17:32:28 2017


Gurobi 6.5.2 (mac64) logging started Jeu 11 mai 17:37:27 2017


Gurobi 6.5.2 (mac64) logging started Jeu 11 mai 17:38:45 2017


Gurobi 6.5.2 (mac64) logging started Jeu 11 mai 17:43:05 2017


Gurobi 6.5.2 (mac64) logging started Jeu 11 mai 17:52:04 2017


Gurobi 6.5.2 (mac64) logging started Jeu 11 mai 17:57:30 2017


Gurobi 6.5.2 (mac64) logging started Jeu 11 mai 18:00:44 2017


Gurobi 6.5.2 (mac64) logging started Jeu 11 mai 18:04:51 2017


Gurobi 6.5.2 (mac64) logging started Jeu 11 mai 18:07:11 2017


Gurobi 6.5.2 (mac64) logging started Jeu 11 mai 18:09:15 2017


Gurobi 6.5.2 (mac64) logging started Jeu 11 mai 18:11:52 2017


Gurobi 6.5.2 (mac64) logging started Jeu 11 mai 18:13:57 2017


Gurobi 6.5.2 (mac64) logging started Jeu 11 mai 18:15:16 2017


Gurobi 6.5.2 (mac64) logging started Jeu 11 mai 18:16:16 2017


Gurobi 6.5.2 (mac64) logging started Jeu 11 mai 18:17:30 2017


Gurobi 6.5.2 (mac64) logging started Jeu 11 mai 18:20:37 2017


Gurobi 6.5.2 (mac64) logging started Jeu 11 mai 18:21:20 2017


Gurobi 6.5.2 (mac64) logging started Jeu 11 mai 18:23:18 2017


Gurobi 6.5.2 (mac64) logging started Jeu 11 mai 18:25:55 2017


Gurobi 6.5.2 (mac64) logging started Jeu 11 mai 18:26:37 2017


Gurobi 6.5.2 (mac64) logging started Jeu 11 mai 18:28:49 2017


Gurobi 6.5.2 (mac64) logging started Jeu 11 mai 18:34:14 2017


Gurobi 6.5.2 (mac64) logging started Jeu 11 mai 18:36:58 2017


Gurobi 6.5.2 (mac64) logging started Jeu 11 mai 18:47:02 2017


Gurobi 6.5.2 (mac64) logging started Jeu 11 mai 18:47:41 2017


Gurobi 6.5.2 (mac64) logging started Jeu 11 mai 18:48:26 2017


Gurobi 6.5.2 (mac64) logging started Jeu 11 mai 18:49:09 2017


Gurobi 6.5.2 (mac64) logging started Jeu 11 mai 19:05:41 2017


Gurobi 6.5.2 (mac64) logging started Jeu 11 mai 20:19:42 2017


Gurobi 6.5.2 (mac64) logging started Jeu 11 mai 22:02:19 2017


Gurobi 6.5.2 (mac64) logging started Jeu 11 mai 23:05:54 2017


Gurobi 6.5.2 (mac64) logging started Jeu 11 mai 23:51:36 2017


Gurobi 6.5.2 (mac64) logging started Ven 12 mai 01:03:02 2017


Gurobi 6.5.2 (mac64) logging started Ven 12 mai 01:22:18 2017


Gurobi 6.5.2 (mac64) logging started Ven 12 mai 09:54:17 2017


Gurobi 6.5.2 (mac64) logging started Ven 12 mai 11:24:57 2017


Gurobi 6.5.2 (mac64) logging started Ven 12 mai 11:45:59 2017


Gurobi 6.5.2 (mac64) logging started Ven 12 mai 12:38:54 2017


Gurobi 6.5.2 (mac64) logging started Ven 12 mai 17:32:14 2017


Gurobi 6.5.2 (mac64) logging started Ven 12 mai 18:14:40 2017


Gurobi 6.5.2 (mac64) logging started Ven 12 mai 18:15:14 2017


Gurobi 6.5.2 (mac64) logging started Ven 12 mai 18:15:48 2017


Gurobi 6.5.2 (mac64) logging started Ven 12 mai 18:16:38 2017


Gurobi 6.5.2 (mac64) logging started Ven 12 mai 18:23:31 2017


Gurobi 6.5.2 (mac64) logging started Ven 12 mai 18:46:04 2017


Gurobi 6.5.2 (mac64) logging started Ven 12 mai 18:46:46 2017


Gurobi 6.5.2 (mac64) logging started Ven 12 mai 18:49:30 2017


Gurobi 6.5.2 (mac64) logging started Ven 12 mai 18:52:36 2017


Gurobi 6.5.2 (mac64) logging started Ven 12 mai 18:53:33 2017


Gurobi 6.5.2 (mac64) logging started Ven 12 mai 18:55:12 2017


Gurobi 6.5.2 (mac64) logging started Ven 12 mai 19:02:01 2017


Gurobi 6.5.2 (mac64) logging started Ven 12 mai 19:04:24 2017


Gurobi 6.5.2 (mac64) logging started Ven 12 mai 19:09:44 2017


Gurobi 6.5.2 (mac64) logging started Ven 12 mai 19:11:05 2017


Gurobi 6.5.2 (mac64) logging started Ven 12 mai 19:13:49 2017


Gurobi 6.5.2 (mac64) logging started Ven 12 mai 19:20:01 2017


Gurobi 6.5.2 (mac64) logging started Ven 12 mai 19:21:11 2017


Gurobi 6.5.2 (mac64) logging started Ven 12 mai 19:22:10 2017


Gurobi 6.5.2 (mac64) logging started Ven 12 mai 19:24:15 2017


Gurobi 6.5.2 (mac64) logging started Ven 12 mai 19:25:56 2017


Gurobi 6.5.2 (mac64) logging started Ven 12 mai 19:26:11 2017


Gurobi 6.5.2 (mac64) logging started Ven 12 mai 19:26:37 2017


Gurobi 6.5.2 (mac64) logging started Ven 12 mai 19:27:21 2017


Gurobi 6.5.2 (mac64) logging started Ven 12 mai 19:28:15 2017


Gurobi 6.5.2 (mac64) logging started Ven 12 mai 19:29:08 2017


Gurobi 6.5.2 (mac64) logging started Ven 12 mai 19:59:20 2017


Gurobi 6.5.2 (mac64) logging started Ven 12 mai 20:03:19 2017


Gurobi 6.5.2 (mac64) logging started Ven 12 mai 20:07:28 2017


Gurobi 6.5.2 (mac64) logging started Ven 12 mai 20:17:53 2017


Gurobi 6.5.2 (mac64) logging started Ven 12 mai 20:19:56 2017


Gurobi 6.5.2 (mac64) logging started Ven 12 mai 20:25:01 2017


Gurobi 6.5.2 (mac64) logging started Ven 12 mai 20:40:10 2017


Gurobi 6.5.2 (mac64) logging started Ven 12 mai 20:40:41 2017


Gurobi 6.5.2 (mac64) logging started Ven 12 mai 20:42:56 2017


Gurobi 6.5.2 (mac64) logging started Ven 12 mai 20:45:12 2017


Gurobi 6.5.2 (mac64) logging started Ven 12 mai 20:54:47 2017


Gurobi 6.5.2 (mac64) logging started Ven 12 mai 20:56:20 2017


Gurobi 6.5.2 (mac64) logging started Ven 12 mai 21:00:20 2017


Gurobi 6.5.2 (mac64) logging started Ven 12 mai 21:00:50 2017


Gurobi 6.5.2 (mac64) logging started Ven 12 mai 21:02:09 2017


Gurobi 6.5.2 (mac64) logging started Ven 12 mai 21:03:38 2017


Gurobi 6.5.2 (mac64) logging started Ven 12 mai 21:05:37 2017


Gurobi 6.5.2 (mac64) logging started Ven 12 mai 21:06:09 2017


Gurobi 6.5.2 (mac64) logging started Ven 12 mai 21:06:54 2017


Gurobi 6.5.2 (mac64) logging started Ven 12 mai 21:08:35 2017


Gurobi 6.5.2 (mac64) logging started Ven 12 mai 21:10:32 2017


Gurobi 6.5.2 (mac64) logging started Ven 12 mai 21:13:23 2017


Gurobi 6.5.2 (mac64) logging started Ven 12 mai 21:14:41 2017


Gurobi 6.5.2 (mac64) logging started Ven 12 mai 21:21:05 2017


Gurobi 6.5.2 (mac64) logging started Ven 12 mai 21:24:04 2017


Gurobi 6.5.2 (mac64) logging started Ven 12 mai 21:26:08 2017


Gurobi 6.5.2 (mac64) logging started Ven 12 mai 21:28:03 2017


Gurobi 6.5.2 (mac64) logging started Ven 12 mai 21:29:12 2017


Gurobi 6.5.2 (mac64) logging started Ven 12 mai 21:32:00 2017


Gurobi 6.5.2 (mac64) logging started Ven 12 mai 21:32:14 2017


Gurobi 6.5.2 (mac64) logging started Ven 12 mai 21:32:41 2017


Gurobi 6.5.2 (mac64) logging started Ven 12 mai 21:33:14 2017


Gurobi 6.5.2 (mac64) logging started Ven 12 mai 21:34:15 2017


Gurobi 6.5.2 (mac64) logging started Ven 12 mai 21:36:10 2017


Gurobi 6.5.2 (mac64) logging started Ven 12 mai 21:37:07 2017


Gurobi 6.5.2 (mac64) logging started Ven 12 mai 21:37:45 2017


Gurobi 6.5.2 (mac64) logging started Ven 12 mai 21:38:41 2017


Gurobi 6.5.2 (mac64) logging started Ven 12 mai 21:39:47 2017


Gurobi 6.5.2 (mac64) logging started Ven 12 mai 21:41:10 2017


Gurobi 6.5.2 (mac64) logging started Ven 12 mai 21:41:51 2017


Gurobi 6.5.2 (mac64) logging started Ven 12 mai 21:43:09 2017


Gurobi 6.5.2 (mac64) logging started Ven 12 mai 22:30:06 2017


Gurobi 6.5.2 (mac64) logging started Ven 12 mai 22:34:56 2017


Gurobi 6.5.2 (mac64) logging started Ven 12 mai 22:58:00 2017


Gurobi 6.5.2 (mac64) logging started Ven 12 mai 23:03:33 2017


Gurobi 6.5.2 (mac64) logging started Ven 12 mai 23:04:21 2017


Gurobi 6.5.2 (mac64) logging started Ven 12 mai 23:05:15 2017


Gurobi 6.5.2 (mac64) logging started Sam 13 mai 10:23:27 2017


Gurobi 6.5.2 (mac64) logging started Sam 13 mai 10:24:24 2017


Gurobi 6.5.2 (mac64) logging started Sam 13 mai 10:27:46 2017


Gurobi 6.5.2 (mac64) logging started Sam 13 mai 10:28:26 2017


Gurobi 6.5.2 (mac64) logging started Sam 13 mai 10:30:36 2017


Gurobi 6.5.2 (mac64) logging started Sam 13 mai 10:32:12 2017


Gurobi 6.5.2 (mac64) logging started Sam 13 mai 13:20:35 2017


Gurobi 6.5.2 (mac64) logging started Sam 13 mai 16:55:03 2017


Gurobi 6.5.2 (mac64) logging started Sam 13 mai 17:41:20 2017


Gurobi 6.5.2 (mac64) logging started Sam 13 mai 19:33:26 2017


Gurobi 6.5.2 (mac64) logging started Sam 13 mai 19:50:03 2017


Gurobi 6.5.2 (mac64) logging started Dim 14 mai 10:49:09 2017


Gurobi 6.5.2 (mac64) logging started Dim 14 mai 12:22:40 2017


Gurobi 6.5.2 (mac64) logging started Dim 14 mai 12:24:50 2017


Gurobi 6.5.2 (mac64) logging started Lun 15 mai 00:31:08 2017


Gurobi 6.5.2 (mac64) logging started Lun 15 mai 20:22:22 2017


Gurobi 6.5.2 (mac64) logging started Lun 15 mai 21:22:05 2017


Gurobi 6.5.2 (mac64) logging started Lun 15 mai 23:22:49 2017


Gurobi 6.5.2 (mac64) logging started Lun 15 mai 23:31:00 2017


Gurobi 6.5.2 (mac64) logging started Mar 16 mai 00:47:18 2017


Gurobi 6.5.2 (mac64) logging started Mar 16 mai 09:46:30 2017


Gurobi 6.5.2 (mac64) logging started Mar 16 mai 11:57:01 2017


Gurobi 6.5.2 (mac64) logging started Mar 16 mai 13:13:18 2017


Gurobi 6.5.2 (mac64) logging started Mar 16 mai 13:39:57 2017


Gurobi 6.5.2 (mac64) logging started Mar 16 mai 14:27:35 2017


Gurobi 6.5.2 (mac64) logging started Mar 16 mai 14:49:10 2017


Gurobi 6.5.2 (mac64) logging started Mer 17 mai 15:03:31 2017


Gurobi 6.5.2 (mac64) logging started Mer 17 mai 20:13:19 2017


Gurobi 6.5.2 (mac64) logging started Mer 17 mai 20:30:54 2017


Gurobi 6.5.2 (mac64) logging started Mer 17 mai 20:39:56 2017


Gurobi 6.5.2 (mac64) logging started Mer 17 mai 20:42:36 2017


Gurobi 6.5.2 (mac64) logging started Mer 17 mai 20:44:32 2017


Gurobi 6.5.2 (mac64) logging started Mer 17 mai 21:00:17 2017


Gurobi 6.5.2 (mac64) logging started Mer 17 mai 21:05:15 2017


Gurobi 6.5.2 (mac64) logging started Mer 17 mai 21:13:48 2017


Gurobi 6.5.2 (mac64) logging started Mer 17 mai 21:19:16 2017


Gurobi 6.5.2 (mac64) logging started Mer 17 mai 21:21:57 2017


Gurobi 6.5.2 (mac64) logging started Mer 17 mai 21:39:38 2017


Gurobi 6.5.2 (mac64) logging started Mer 17 mai 21:40:08 2017


Gurobi 6.5.2 (mac64) logging started Mer 17 mai 21:42:20 2017


Gurobi 6.5.2 (mac64) logging started Mer 17 mai 21:45:05 2017


Gurobi 6.5.2 (mac64) logging started Mer 17 mai 23:17:46 2017


Gurobi 6.5.2 (mac64) logging started Mer 17 mai 23:22:05 2017


Gurobi 6.5.2 (mac64) logging started Jeu 18 mai 01:43:12 2017


Gurobi 6.5.2 (mac64) logging started Jeu 18 mai 14:57:30 2017


Gurobi 6.5.2 (mac64) logging started Jeu 18 mai 15:00:01 2017


Gurobi 6.5.2 (mac64) logging started Jeu 18 mai 15:02:52 2017


Gurobi 6.5.2 (mac64) logging started Jeu 18 mai 15:05:40 2017


Gurobi 6.5.2 (mac64) logging started Jeu 18 mai 15:06:32 2017


Gurobi 6.5.2 (mac64) logging started Jeu 18 mai 15:21:25 2017


Gurobi 6.5.2 (mac64) logging started Jeu 18 mai 15:26:35 2017


Gurobi 6.5.2 (mac64) logging started Jeu 18 mai 15:29:47 2017


Gurobi 6.5.2 (mac64) logging started Jeu 18 mai 15:31:27 2017


Gurobi 6.5.2 (mac64) logging started Jeu 18 mai 15:35:22 2017


Gurobi 6.5.2 (mac64) logging started Jeu 18 mai 16:07:22 2017


Gurobi 6.5.2 (mac64) logging started Jeu 18 mai 16:10:37 2017


Gurobi 6.5.2 (mac64) logging started Jeu 18 mai 16:16:04 2017


Gurobi 6.5.2 (mac64) logging started Jeu 18 mai 16:23:22 2017


Gurobi 6.5.2 (mac64) logging started Jeu 18 mai 16:29:39 2017


Gurobi 6.5.2 (mac64) logging started Jeu 18 mai 16:32:18 2017


Gurobi 6.5.2 (mac64) logging started Jeu 18 mai 16:41:07 2017


Gurobi 6.5.2 (mac64) logging started Jeu 18 mai 16:49:31 2017


Gurobi 6.5.2 (mac64) logging started Jeu 18 mai 16:52:15 2017


Gurobi 6.5.2 (mac64) logging started Jeu 18 mai 16:54:40 2017


Gurobi 6.5.2 (mac64) logging started Jeu 18 mai 16:56:41 2017


Gurobi 6.5.2 (mac64) logging started Jeu 18 mai 17:49:31 2017


Gurobi 6.5.2 (mac64) logging started Jeu 18 mai 17:55:09 2017


Gurobi 6.5.2 (mac64) logging started Jeu 18 mai 18:17:15 2017


Gurobi 6.5.2 (mac64) logging started Jeu 18 mai 18:30:30 2017


Gurobi 6.5.2 (mac64) logging started Jeu 18 mai 19:37:33 2017


Gurobi 6.5.2 (mac64) logging started Jeu 18 mai 20:01:07 2017


Gurobi 6.5.2 (mac64) logging started Jeu 18 mai 20:04:20 2017


Gurobi 6.5.2 (mac64) logging started Jeu 18 mai 20:07:47 2017


Gurobi 6.5.2 (mac64) logging started Jeu 18 mai 20:09:05 2017


Gurobi 6.5.2 (mac64) logging started Jeu 18 mai 20:15:56 2017


Gurobi 6.5.2 (mac64) logging started Jeu 18 mai 20:23:15 2017


Gurobi 6.5.2 (mac64) logging started Jeu 18 mai 21:42:18 2017


Gurobi 6.5.2 (mac64) logging started Jeu 18 mai 21:45:13 2017


Gurobi 6.5.2 (mac64) logging started Jeu 18 mai 21:47:05 2017


Gurobi 6.5.2 (mac64) logging started Jeu 18 mai 21:56:01 2017


Gurobi 6.5.2 (mac64) logging started Jeu 18 mai 21:59:50 2017


Gurobi 6.5.2 (mac64) logging started Jeu 18 mai 22:00:25 2017


Gurobi 6.5.2 (mac64) logging started Jeu 18 mai 22:01:59 2017


Gurobi 6.5.2 (mac64) logging started Jeu 18 mai 22:02:36 2017


Gurobi 6.5.2 (mac64) logging started Jeu 18 mai 22:08:28 2017


Gurobi 6.5.2 (mac64) logging started Ven 19 mai 00:20:32 2017


Gurobi 6.5.2 (mac64) logging started Ven 19 mai 01:34:29 2017


Gurobi 6.5.2 (mac64) logging started Ven 19 mai 01:38:38 2017


Gurobi 6.5.2 (mac64) logging started Ven 19 mai 01:39:41 2017


Gurobi 6.5.2 (mac64) logging started Ven 19 mai 01:42:18 2017


Gurobi 6.5.2 (mac64) logging started Ven 19 mai 01:45:04 2017


Gurobi 6.5.2 (mac64) logging started Ven 19 mai 01:47:21 2017


Gurobi 6.5.2 (mac64) logging started Ven 19 mai 01:51:38 2017


Gurobi 6.5.2 (mac64) logging started Ven 19 mai 01:52:59 2017


Gurobi 6.5.2 (mac64) logging started Ven 19 mai 01:55:06 2017


Gurobi 6.5.2 (mac64) logging started Ven 19 mai 01:57:20 2017


Gurobi 6.5.2 (mac64) logging started Ven 19 mai 02:01:26 2017


Gurobi 6.5.2 (mac64) logging started Ven 19 mai 02:05:38 2017


Gurobi 6.5.2 (mac64) logging started Ven 19 mai 02:07:21 2017


Gurobi 6.5.2 (mac64) logging started Ven 19 mai 02:09:39 2017


Gurobi 6.5.2 (mac64) logging started Ven 19 mai 02:15:00 2017


Gurobi 6.5.2 (mac64) logging started Ven 19 mai 02:19:58 2017


Gurobi 6.5.2 (mac64) logging started Ven 19 mai 02:21:35 2017


Gurobi 6.5.2 (mac64) logging started Ven 19 mai 02:39:56 2017


Gurobi 6.5.2 (mac64) logging started Ven 19 mai 02:44:16 2017


Gurobi 6.5.2 (mac64) logging started Ven 19 mai 02:49:29 2017


Gurobi 6.5.2 (mac64) logging started Ven 19 mai 02:50:49 2017


Gurobi 6.5.2 (mac64) logging started Ven 19 mai 02:56:55 2017


Gurobi 6.5.2 (mac64) logging started Ven 19 mai 03:26:39 2017


Gurobi 6.5.2 (mac64) logging started Ven 19 mai 09:48:12 2017


Gurobi 6.5.2 (mac64) logging started Ven 19 mai 09:59:55 2017


Gurobi 6.5.2 (mac64) logging started Ven 19 mai 10:01:29 2017


Gurobi 6.5.2 (mac64) logging started Ven 19 mai 10:02:16 2017


Gurobi 6.5.2 (mac64) logging started Ven 19 mai 10:03:07 2017


Gurobi 6.5.2 (mac64) logging started Ven 19 mai 10:04:39 2017


Gurobi 6.5.2 (mac64) logging started Ven 19 mai 10:10:43 2017


Gurobi 6.5.2 (mac64) logging started Ven 19 mai 10:48:49 2017


Gurobi 6.5.2 (mac64) logging started Wed Aug  9 23:32:10 2017


Gurobi 6.5.2 (mac64) logging started Wed Aug  9 23:34:06 2017


Gurobi 6.5.2 (mac64) logging started Wed Aug  9 23:34:38 2017


Gurobi 6.5.2 (mac64) logging started Wed Aug  9 23:35:37 2017


Gurobi 6.5.2 (mac64) logging started Thu Aug 10 09:12:09 2017


Gurobi 6.5.2 (mac64) logging started Thu Aug 10 09:13:12 2017


Gurobi 6.5.2 (mac64) logging started Thu Aug 10 09:15:14 2017


Gurobi 6.5.2 (mac64) logging started Thu Aug 10 09:15:51 2017


Gurobi 6.5.2 (mac64) logging started Thu Aug 10 09:17:33 2017


Gurobi 6.5.2 (mac64) logging started Thu Aug 10 09:23:50 2017


Gurobi 6.5.2 (mac64) logging started Thu Aug 10 09:24:06 2017


Gurobi 6.5.2 (mac64) logging started Thu Aug 10 09:25:33 2017


Gurobi 6.5.2 (mac64) logging started Thu Aug 10 09:26:48 2017


Gurobi 6.5.2 (mac64) logging started Thu Aug 10 09:33:23 2017


Gurobi 6.5.2 (mac64) logging started Thu Aug 10 09:34:04 2017


Gurobi 6.5.2 (mac64) logging started Thu Aug 10 09:34:53 2017


Gurobi 6.5.2 (mac64) logging started Thu Aug 10 09:35:10 2017


Gurobi 6.5.2 (mac64) logging started Thu Aug 10 09:35:51 2017


Gurobi 6.5.2 (mac64) logging started Thu Aug 10 09:36:21 2017


Gurobi 6.5.2 (mac64) logging started Thu Aug 10 09:40:49 2017


Gurobi 6.5.2 (mac64) logging started Thu Aug 10 09:42:32 2017


Gurobi 6.5.2 (mac64) logging started Thu Aug 10 09:43:38 2017


Gurobi 6.5.2 (mac64) logging started Thu Aug 10 11:05:04 2017


Gurobi 6.5.2 (mac64) logging started Thu Aug 10 11:05:27 2017


Gurobi 6.5.2 (mac64) logging started Thu Aug 10 11:06:38 2017


Gurobi 6.5.2 (mac64) logging started Thu Aug 10 11:10:53 2017


Gurobi 6.5.2 (mac64) logging started Thu Aug 10 11:14:44 2017


Gurobi 6.5.2 (mac64) logging started Fri Aug 11 11:49:31 2017


Gurobi 6.5.2 (mac64) logging started Fri Aug 11 11:51:50 2017


Gurobi 6.5.2 (mac64) logging started Fri Aug 11 11:53:17 2017


Gurobi 6.5.2 (mac64) logging started Fri Aug 11 12:03:16 2017


Gurobi 6.5.2 (mac64) logging started Fri Aug 11 12:16:22 2017


Gurobi 6.5.2 (mac64) logging started Fri Aug 11 12:50:21 2017


Gurobi 6.5.2 (mac64) logging started Fri Aug 11 15:41:51 2017


Gurobi 6.5.2 (mac64) logging started Tue Aug 15 17:38:21 2017


Gurobi 6.5.2 (mac64) logging started Wed Aug 16 12:19:20 2017


Gurobi 6.5.2 (mac64) logging started Wed Aug 16 12:28:52 2017


Gurobi 6.5.2 (mac64) logging started Wed Aug 16 15:02:46 2017


Gurobi 6.5.2 (mac64) logging started Wed Aug 16 15:11:17 2017


Gurobi 6.5.2 (mac64) logging started Wed Aug 16 15:16:44 2017


Gurobi 6.5.2 (mac64) logging started Wed Aug 16 15:18:49 2017


Gurobi 6.5.2 (mac64) logging started Wed Aug 16 15:21:35 2017


Gurobi 6.5.2 (mac64) logging started Wed Aug 16 15:34:54 2017


Gurobi 6.5.2 (mac64) logging started Wed Aug 16 15:36:53 2017


Gurobi 6.5.2 (mac64) logging started Wed Aug 16 15:43:10 2017


Gurobi 6.5.2 (mac64) logging started Wed Aug 16 15:49:27 2017


Gurobi 6.5.2 (mac64) logging started Wed Aug 16 15:50:11 2017


Gurobi 6.5.2 (mac64) logging started Wed Aug 16 15:52:40 2017


Gurobi 6.5.2 (mac64) logging started Wed Aug 16 15:54:50 2017


Gurobi 6.5.2 (mac64) logging started Wed Aug 16 15:56:39 2017


Gurobi 6.5.2 (mac64) logging started Wed Aug 16 15:57:34 2017


Gurobi 6.5.2 (mac64) logging started Wed Aug 16 16:13:04 2017


Gurobi 6.5.2 (mac64) logging started Wed Aug 16 16:15:52 2017


Gurobi 6.5.2 (mac64) logging started Wed Aug 16 16:17:38 2017


Gurobi 6.5.2 (mac64) logging started Wed Aug 16 16:20:01 2017


Gurobi 6.5.2 (mac64) logging started Wed Aug 16 16:20:29 2017


Gurobi 6.5.2 (mac64) logging started Wed Aug 16 16:21:32 2017


Gurobi 6.5.2 (mac64) logging started Wed Aug 16 16:24:03 2017


Gurobi 6.5.2 (mac64) logging started Wed Aug 16 16:25:30 2017


Gurobi 6.5.2 (mac64) logging started Wed Aug 16 16:30:17 2017


Gurobi 6.5.2 (mac64) logging started Wed Aug 16 16:31:16 2017


Gurobi 6.5.2 (mac64) logging started Wed Aug 16 16:35:20 2017


Gurobi 6.5.2 (mac64) logging started Wed Aug 16 16:47:10 2017


Gurobi 6.5.2 (mac64) logging started Wed Aug 16 16:48:21 2017


Gurobi 6.5.2 (mac64) logging started Wed Aug 16 16:51:43 2017


Gurobi 6.5.2 (mac64) logging started Wed Aug 16 16:54:01 2017


Gurobi 6.5.2 (mac64) logging started Wed Aug 16 16:54:39 2017


Gurobi 6.5.2 (mac64) logging started Wed Aug 16 16:58:02 2017


Gurobi 6.5.2 (mac64) logging started Wed Aug 16 17:04:03 2017


Gurobi 6.5.2 (mac64) logging started Wed Aug 16 17:09:35 2017


Gurobi 6.5.2 (mac64) logging started Wed Aug 16 17:12:59 2017


Gurobi 6.5.2 (mac64) logging started Wed Aug 16 17:14:04 2017


Gurobi 6.5.2 (mac64) logging started Wed Aug 16 17:15:30 2017


Gurobi 6.5.2 (mac64) logging started Wed Aug 16 17:18:42 2017


Gurobi 6.5.2 (mac64) logging started Wed Aug 16 17:22:11 2017


Gurobi 6.5.2 (mac64) logging started Wed Aug 16 17:22:47 2017


Gurobi 6.5.2 (mac64) logging started Wed Aug 16 17:23:31 2017


Gurobi 6.5.2 (mac64) logging started Wed Aug 16 17:25:45 2017


Gurobi 6.5.2 (mac64) logging started Wed Aug 16 17:28:52 2017


Gurobi 6.5.2 (mac64) logging started Wed Aug 16 17:30:10 2017


Gurobi 6.5.2 (mac64) logging started Wed Aug 16 17:33:40 2017


Gurobi 6.5.2 (mac64) logging started Wed Aug 16 17:47:37 2017


Gurobi 6.5.2 (mac64) logging started Wed Aug 16 17:58:09 2017


Gurobi 6.5.2 (mac64) logging started Wed Aug 16 18:14:24 2017


Gurobi 6.5.2 (mac64) logging started Wed Aug 16 18:21:45 2017


Gurobi 6.5.2 (mac64) logging started Wed Aug 16 18:23:38 2017


Gurobi 6.5.2 (mac64) logging started Wed Aug 16 18:27:22 2017


Gurobi 6.5.2 (mac64) logging started Wed Aug 16 18:29:26 2017


Gurobi 6.5.2 (mac64) logging started Wed Aug 16 18:39:45 2017


Gurobi 6.5.2 (mac64) logging started Thu Aug 17 23:51:13 2017


Gurobi 6.5.2 (mac64) logging started Thu Aug 17 23:54:41 2017


Gurobi 6.5.2 (mac64) logging started Thu Aug 17 23:59:17 2017


Gurobi 6.5.2 (mac64) logging started Fri Aug 18 00:00:01 2017


Gurobi 6.5.2 (mac64) logging started Fri Aug 18 00:00:53 2017


Gurobi 6.5.2 (mac64) logging started Fri Aug 18 00:03:29 2017


Gurobi 6.5.2 (mac64) logging started Fri Aug 18 00:04:32 2017


Gurobi 6.5.2 (mac64) logging started Fri Aug 18 00:06:07 2017


Gurobi 6.5.2 (mac64) logging started Fri Aug 18 00:07:22 2017


Gurobi 6.5.2 (mac64) logging started Fri Aug 18 00:22:25 2017


Gurobi 6.5.2 (mac64) logging started Fri Aug 18 00:23:49 2017


Gurobi 6.5.2 (mac64) logging started Fri Aug 18 00:24:27 2017


Gurobi 6.5.2 (mac64) logging started Fri Aug 18 00:25:05 2017


Gurobi 6.5.2 (mac64) logging started Fri Aug 18 00:26:21 2017


Gurobi 6.5.2 (mac64) logging started Fri Aug 18 00:29:56 2017


Gurobi 6.5.2 (mac64) logging started Fri Aug 18 00:32:40 2017


Gurobi 6.5.2 (mac64) logging started Fri Aug 18 10:43:09 2017


Gurobi 6.5.2 (mac64) logging started Fri Aug 18 10:46:51 2017


Gurobi 6.5.2 (mac64) logging started Fri Aug 18 15:16:12 2017


Gurobi 6.5.2 (mac64) logging started Fri Aug 18 15:17:44 2017


Gurobi 6.5.2 (mac64) logging started Fri Aug 18 15:27:33 2017


Gurobi 6.5.2 (mac64) logging started Fri Aug 18 15:28:41 2017


Gurobi 6.5.2 (mac64) logging started Fri Aug 18 15:54:07 2017


Gurobi 6.5.2 (mac64) logging started Fri Aug 18 15:58:27 2017


Gurobi 6.5.2 (mac64) logging started Fri Aug 18 16:03:35 2017


Gurobi 6.5.2 (mac64) logging started Fri Aug 18 16:09:10 2017


Gurobi 6.5.2 (mac64) logging started Fri Aug 18 16:19:31 2017


Gurobi 6.5.2 (mac64) logging started Mon Aug 21 13:58:44 2017


Gurobi 6.5.2 (mac64) logging started Mon Aug 21 13:59:31 2017


Gurobi 6.5.2 (mac64) logging started Mon Aug 21 14:00:39 2017


Gurobi 6.5.2 (mac64) logging started Mon Aug 21 14:01:23 2017


Gurobi 6.5.2 (mac64) logging started Mon Aug 21 14:02:18 2017


Gurobi 6.5.2 (mac64) logging started Mon Aug 21 14:03:58 2017


Gurobi 6.5.2 (mac64) logging started Mon Aug 21 14:11:24 2017


Gurobi 6.5.2 (mac64) logging started Mon Aug 21 14:13:38 2017


Gurobi 6.5.2 (mac64) logging started Mon Aug 21 14:25:23 2017


Gurobi 6.5.2 (mac64) logging started Mon Aug 21 14:27:33 2017


Gurobi 6.5.2 (mac64) logging started Mon Aug 21 14:28:17 2017


Gurobi 6.5.2 (mac64) logging started Mon Aug 21 14:33:20 2017


Gurobi 6.5.2 (mac64) logging started Mon Aug 21 14:37:53 2017


Gurobi 6.5.2 (mac64) logging started Mon Aug 21 14:38:38 2017


Gurobi 6.5.2 (mac64) logging started Tue Aug 22 10:08:39 2017


Gurobi 6.5.2 (mac64) logging started Tue Aug 22 10:09:43 2017


Gurobi 6.5.2 (mac64) logging started Tue Aug 22 10:18:22 2017


Gurobi 6.5.2 (mac64) logging started Tue Aug 22 10:19:54 2017


Gurobi 6.5.2 (mac64) logging started Tue Aug 22 10:21:52 2017


Gurobi 6.5.2 (mac64) logging started Tue Aug 22 10:22:17 2017


Gurobi 6.5.2 (mac64) logging started Tue Aug 22 10:22:47 2017


Gurobi 6.5.2 (mac64) logging started Tue Aug 22 10:23:23 2017


Gurobi 6.5.2 (mac64) logging started Tue Aug 22 10:24:28 2017


Gurobi 6.5.2 (mac64) logging started Tue Aug 22 10:25:07 2017


Gurobi 6.5.2 (mac64) logging started Tue Aug 22 10:38:50 2017


Gurobi 6.5.2 (mac64) logging started Tue Aug 22 10:40:05 2017


Gurobi 6.5.2 (mac64) logging started Tue Aug 22 10:41:16 2017


Gurobi 6.5.2 (mac64) logging started Tue Aug 22 10:42:13 2017


Gurobi 6.5.2 (mac64) logging started Tue Aug 22 10:43:21 2017


Gurobi 6.5.2 (mac64) logging started Tue Aug 22 10:47:20 2017


Gurobi 6.5.2 (mac64) logging started Tue Aug 22 10:51:13 2017


Gurobi 6.5.2 (mac64) logging started Tue Aug 22 10:55:45 2017


Gurobi 6.5.2 (mac64) logging started Tue Aug 22 11:04:38 2017


Gurobi 6.5.2 (mac64) logging started Tue Aug 22 11:05:42 2017


Gurobi 6.5.2 (mac64) logging started Tue Aug 22 11:06:15 2017


Gurobi 6.5.2 (mac64) logging started Tue Aug 22 11:08:17 2017


Gurobi 6.5.2 (mac64) logging started Tue Aug 22 11:16:02 2017


Gurobi 6.5.2 (mac64) logging started Tue Aug 22 11:17:29 2017


Gurobi 6.5.2 (mac64) logging started Tue Aug 22 11:18:30 2017


Gurobi 6.5.2 (mac64) logging started Tue Aug 22 11:19:55 2017


Gurobi 6.5.2 (mac64) logging started Tue Aug 22 11:20:56 2017


Gurobi 6.5.2 (mac64) logging started Tue Aug 22 11:22:16 2017


Gurobi 6.5.2 (mac64) logging started Tue Aug 22 11:22:59 2017


Gurobi 6.5.2 (mac64) logging started Tue Aug 22 11:23:26 2017


Gurobi 6.5.2 (mac64) logging started Tue Aug 22 11:25:26 2017


Gurobi 6.5.2 (mac64) logging started Tue Aug 22 11:28:11 2017


Gurobi 6.5.2 (mac64) logging started Tue Aug 22 17:35:56 2017


Gurobi 6.5.2 (mac64) logging started Tue Aug 22 18:29:50 2017


Gurobi 6.5.2 (mac64) logging started Tue Aug 22 18:31:26 2017


Gurobi 6.5.2 (mac64) logging started Wed Aug 23 07:37:28 2017


Gurobi 6.5.2 (mac64) logging started Wed Aug 23 07:38:50 2017


Gurobi 6.5.2 (mac64) logging started Wed Aug 23 07:51:59 2017


Gurobi 6.5.2 (mac64) logging started Wed Aug 23 07:53:35 2017


Gurobi 6.5.2 (mac64) logging started Wed Aug 23 08:02:56 2017


Gurobi 6.5.2 (mac64) logging started Fri Aug 25 17:45:28 2017


Gurobi 6.5.2 (mac64) logging started Tue Aug 29 13:59:24 2017


Gurobi 6.5.2 (mac64) logging started Tue Aug 29 14:34:02 2017


Gurobi 6.5.2 (mac64) logging started Tue Aug 29 14:40:52 2017


Gurobi 6.5.2 (mac64) logging started Tue Aug 29 15:05:50 2017


Gurobi 6.5.2 (mac64) logging started Tue Aug 29 15:39:22 2017


Gurobi 6.5.2 (mac64) logging started Tue Aug 29 15:56:04 2017

